#
# A fatal error has been detected by the Java Runtime Environment:
#
#  EXCEPTION_ACCESS_VIOLATION (0xc0000005) at pc=0x000000005ad01979, pid=18336, tid=0x00000000000002a4
#
# JRE version: Java(TM) SE Runtime Environment (8.0_261-b12) (build 1.8.0_261-b12)
# Java VM: Java HotSpot(TM) 64-Bit Server VM (25.261-b12 mixed mode windows-amd64 compressed oops)
# Problematic frame:
# V  [jvm.dll+0x1e1979]
#
# Failed to write core dump. Minidumps are not enabled by default on client versions of Windows
#
# If you would like to submit a bug report, please visit:
#   http://bugreport.java.com/bugreport/crash.jsp
#

---------------  T H R E A D  ---------------

Current thread (0x000001fbfd99e000):  VMThread [stack: 0x000000e435e00000,0x000000e435f00000] [id=676]

siginfo: ExceptionCode=0xc0000005, reading address 0x000000000000002e

Registers:
RAX=0x000001fb99cc0028, RBX=0x0000000082a4f3c0, RCX=0x0000000000000000, RDX=0x0000000100af0148
RSP=0x000000e435eff340, RBP=0x0000000000000000, RSI=0x000000e435eff4b8, RDI=0x000001fb99cc0028
R8 =0x000000e435eff4b8, R9 =0x0000000000000001, R10=0x000001fbfa82e3e0, R11=0x000000e435eff2e8
R12=0x000001fb93c44ce8, R13=0x000001fb97709230, R14=0x0000000000000000, R15=0x0000000100af0148
RIP=0x000000005ad01979, EFLAGS=0x0000000000010246

Top of Stack: (sp=0x000000e435eff340)
0x000000e435eff340:   000000e435eff428 0000000000000000
0x000000e435eff350:   000001fbfd99e000 000000e4364ff630
0x000000e435eff360:   000001fb93c44ce8 000000e435eff410
0x000000e435eff370:   000001fb93c41760 000001fb93c41760
0x000000e435eff380:   000001fb93c44ce8 0000000000000000
0x000000e435eff390:   0000000100af0148 000001fbfd99e000
0x000000e435eff3a0:   000000e4364ff630 0000000000000000
0x000000e435eff3b0:   0000000000000000 000000005acf21e6
0x000000e435eff3c0:   0000000100af0148 0000000100af0148
0x000000e435eff3d0:   000000e435eff4b8 000001fb93c3cd00
0x000000e435eff3e0:   000001fb81d1f140 000000005ad99ad8
0x000000e435eff3f0:   000001fb99cc0350 0000000100af0148
0x000000e435eff400:   000001fb00000000 000001fb93c41760
0x000000e435eff410:   000000005b0fdb70 000000005ac66c00
0x000000e435eff420:   000001fbfd99e000 000001fbfd99e000
0x000000e435eff430:   000001fbfd99ed00 000001fbfa8155d0 

Instructions: (pc=0x000000005ad01979)
0x000000005ad01959:   c0 0f 84 e8 01 00 00 8b 48 20 81 e1 00 80 01 00
0x000000005ad01969:   81 f9 00 00 01 00 0f 85 d3 01 00 00 48 8b 48 08
0x000000005ad01979:   0f b7 51 2e 49 8b cf e8 6b 0a f4 ff 48 8b d0 48
0x000000005ad01989:   89 84 24 98 00 00 00 48 8b cb 4c 8b e0 e8 85 5d 


Register to memory mapping:

RAX=0x000001fb99cc0028 is pointing into metadata
RBX=0x0000000082a4f3c0 is an oop
java.lang.invoke.MemberName 
 - klass: 'java/lang/invoke/MemberName'
RCX=0x0000000000000000 is an unknown value
RDX=0x0000000100af0148 is pointing into metadata
RSP=0x000000e435eff340 is an unknown value
RBP=0x0000000000000000 is an unknown value
RSI=0x000000e435eff4b8 is an unknown value
RDI=0x000001fb99cc0028 is pointing into metadata
R8 =0x000000e435eff4b8 is an unknown value
R9 =0x0000000000000001 is an unknown value
R10=0x000001fbfa82e3e0 is an unknown value
R11=0x000000e435eff2e8 is an unknown value
R12=0x000001fb93c44ce8 is an unknown value
R13=0x000001fb97709230 is an unknown value
R14=0x0000000000000000 is an unknown value
R15=0x0000000100af0148 is pointing into metadata


Stack: [0x000000e435e00000,0x000000e435f00000],  sp=0x000000e435eff340,  free space=1020k
Native frames: (J=compiled Java code, j=interpreted, Vv=VM code, C=native code)

VM_Operation (0x000000e4364ff630): RedefineClasses, mode: safepoint, requested by thread 0x000001fbfda1b800, redefining class com.asl.controller.ProductionBatchController



---------------  P R O C E S S  ---------------

Java Threads: ( => current thread )
  0x000001fb9796d000 JavaThread "http-nio-8083-Acceptor" daemon [_thread_in_native, id=8044, stack(0x000000e438600000,0x000000e438700000)]
  0x000001fb9796b800 JavaThread "http-nio-8083-ClientPoller" daemon [_thread_blocked, id=17840, stack(0x000000e438500000,0x000000e438600000)]
  0x000001fb9796c000 JavaThread "http-nio-8083-exec-10" daemon [_thread_blocked, id=4084, stack(0x000000e438400000,0x000000e438500000)]
  0x000001fb97963000 JavaThread "http-nio-8083-exec-9" daemon [_thread_blocked, id=10860, stack(0x000000e438300000,0x000000e438400000)]
  0x000001fb9796a000 JavaThread "http-nio-8083-exec-8" daemon [_thread_blocked, id=12792, stack(0x000000e438200000,0x000000e438300000)]
  0x000001fb97960000 JavaThread "http-nio-8083-exec-7" daemon [_thread_blocked, id=19092, stack(0x000000e438100000,0x000000e438200000)]
  0x000001fb97967000 JavaThread "http-nio-8083-exec-6" daemon [_thread_blocked, id=10412, stack(0x000000e438000000,0x000000e438100000)]
  0x000001fb97962800 JavaThread "http-nio-8083-exec-5" daemon [_thread_blocked, id=3232, stack(0x000000e437f00000,0x000000e438000000)]
  0x000001fb9795f800 JavaThread "http-nio-8083-exec-4" daemon [_thread_blocked, id=7448, stack(0x000000e437e00000,0x000000e437f00000)]
  0x000001fb97964800 JavaThread "http-nio-8083-exec-3" daemon [_thread_blocked, id=11516, stack(0x000000e437d00000,0x000000e437e00000)]
  0x000001fb97961800 JavaThread "http-nio-8083-exec-2" daemon [_thread_blocked, id=13996, stack(0x000000e437c00000,0x000000e437d00000)]
  0x000001fb97b95800 JavaThread "http-nio-8083-exec-1" daemon [_thread_blocked, id=18036, stack(0x000000e437b00000,0x000000e437c00000)]
  0x000001fb97b97800 JavaThread "http-nio-8083-BlockPoller" daemon [_thread_blocked, id=1096, stack(0x000000e437a00000,0x000000e437b00000)]
  0x000001fb97b9a000 JavaThread "File Watcher" daemon [_thread_blocked, id=4524, stack(0x000000e437700000,0x000000e437800000)]
  0x000001fb97b97000 JavaThread "HikariPool-5 housekeeper" daemon [_thread_blocked, id=1960, stack(0x000000e437300000,0x000000e437400000)]
  0x000001fb97b9c000 JavaThread "container-0" [_thread_blocked, id=15164, stack(0x000000e437200000,0x000000e437300000)]
  0x000001fb97b9a800 JavaThread "Catalina-utility-2" [_thread_blocked, id=14708, stack(0x000000e437100000,0x000000e437200000)]
  0x000001fb97b96000 JavaThread "Catalina-utility-1" [_thread_blocked, id=11016, stack(0x000000e437000000,0x000000e437100000)]
  0x000001fb97b98800 JavaThread "DestroyJavaVM" [_thread_blocked, id=12564, stack(0x000000e435900000,0x000000e435a00000)]
  0x000001fb95c5b000 JavaThread "Live Reload Server" daemon [_thread_in_native, id=4768, stack(0x000000e435800000,0x000000e435900000)]
  0x000001fb95c5e000 JavaThread "InterruptTimer" daemon [_thread_blocked, id=8592, stack(0x000000e437600000,0x000000e437700000)]
  0x000001fb95c2e000 JavaThread "oracle.jdbc.driver.BlockSource.ThreadedCachingBlockSource.BlockReleaser" daemon [_thread_blocked, id=17548, stack(0x000000e437500000,0x000000e437600000)]
  0x000001fb95c28800 JavaThread "Timer-0" daemon [_thread_blocked, id=10028, stack(0x000000e437400000,0x000000e437500000)]
  0x000001fbff8b1000 JavaThread "RMI TCP Accept-0" daemon [_thread_in_native, id=16992, stack(0x000000e436d00000,0x000000e436e00000)]
  0x000001fbff8a2800 JavaThread "RMI TCP Accept-62214" daemon [_thread_in_native, id=4988, stack(0x000000e436c00000,0x000000e436d00000)]
  0x000001fbff88d000 JavaThread "RMI TCP Accept-0" daemon [_thread_in_native, id=3956, stack(0x000000e436b00000,0x000000e436c00000)]
  0x000001fbfdab1800 JavaThread "Service Thread" daemon [_thread_blocked, id=12232, stack(0x000000e436a00000,0x000000e436b00000)]
  0x000001fbfda86800 JavaThread "C1 CompilerThread2" daemon [_thread_blocked, id=4548, stack(0x000000e436900000,0x000000e436a00000)]
  0x000001fbfda36800 JavaThread "C2 CompilerThread1" daemon [_thread_blocked, id=1056, stack(0x000000e436800000,0x000000e436900000)]
  0x000001fbfda32800 JavaThread "C2 CompilerThread0" daemon [_thread_blocked, id=13296, stack(0x000000e436700000,0x000000e436800000)]
  0x000001fbfda24800 JavaThread "JDWP Command Reader" daemon [_thread_in_native, id=9520, stack(0x000000e436600000,0x000000e436700000)]
  0x000001fbfda1d800 JavaThread "JDWP Event Helper Thread" daemon [_thread_blocked, id=16724, stack(0x000000e436500000,0x000000e436600000)]
  0x000001fbfda1b800 JavaThread "JDWP Transport Listener: dt_socket" daemon [_thread_blocked, id=13520, stack(0x000000e436400000,0x000000e436500000)]
  0x000001fbfd9f7000 JavaThread "Attach Listener" daemon [_thread_blocked, id=1444, stack(0x000000e436200000,0x000000e436300000)]
  0x000001fbfd9f3000 JavaThread "Signal Dispatcher" daemon [_thread_blocked, id=8708, stack(0x000000e436100000,0x000000e436200000)]
  0x000001fbfd9d2800 JavaThread "Finalizer" daemon [_thread_blocked, id=11716, stack(0x000000e436000000,0x000000e436100000)]
  0x000001fbfd9c7800 JavaThread "Reference Handler" daemon [_thread_blocked, id=2092, stack(0x000000e435f00000,0x000000e436000000)]

Other Threads:
=>0x000001fbfd99e000 VMThread [stack: 0x000000e435e00000,0x000000e435f00000] [id=676]
  0x000001fbff8b3800 WatcherThread [stack: 0x000000e436e00000,0x000000e436f00000] [id=9076]

VM state:at safepoint (normal execution)

VM Mutex/Monitor currently owned by a thread:  ([mutex/lock_event])
[0x000001fbfa8119f0] Threads_lock - owner thread: 0x000001fbfd99e000

heap address: 0x0000000081800000, size: 2024 MB, Compressed Oops mode: 32-bit
Narrow klass base: 0x0000000000000000, Narrow klass shift: 3
Compressed class space size: 1073741824 Address: 0x0000000100000000

Heap:
 PSYoungGen      total 314368K, used 192679K [0x00000000d5d80000, 0x00000000eda00000, 0x0000000100000000)
  eden space 280064K, 56% used [0x00000000d5d80000,0x00000000df86e900,0x00000000e6f00000)
  from space 34304K, 99% used [0x00000000eb880000,0x00000000ed9bb610,0x00000000eda00000)
  to   space 48640K, 0% used [0x00000000e7b00000,0x00000000e7b00000,0x00000000eaa80000)
 ParOldGen       total 120832K, used 67249K [0x0000000081800000, 0x0000000088e00000, 0x00000000d5d80000)
  object space 120832K, 55% used [0x0000000081800000,0x00000000859ac4e0,0x0000000088e00000)
 Metaspace       used 127015K, capacity 131576K, committed 132056K, reserved 1167360K
  class space    used 13934K, capacity 14787K, committed 14848K, reserved 1048576K

Card table byte_map: [0x000001fbfc510000,0x000001fbfc910000] byte_map_base: 0x000001fbfc104000

Marking Bits: (ParMarkBitMap*) 0x000000005b314fb0
 Begin Bits: [0x000001fb8f000000, 0x000001fb90fa0000)
 End Bits:   [0x000001fb90fa0000, 0x000001fb92f40000)

Polling page: 0x000001fbfa7a0000

CodeCache: size=245760Kb used=29800Kb max_used=29800Kb free=215959Kb
 bounds [0x000001fb80000000, 0x000001fb81d20000, 0x000001fb8f000000]
 total_blobs=15420 nmethods=14787 adapters=551
 compilation: enabled

Compilation events (10 events):
Event: 4996.743 Thread 0x000001fbfda86800 15035       1       org.springframework.core.ResolvableType::getRawClass (54 bytes)
Event: 4996.743 Thread 0x000001fbfda86800 nmethod 15035 0x000001fb81d1dc10 code [0x000001fb81d1dd80, 0x000001fb81d1e030]
Event: 4996.752 Thread 0x000001fbfda86800 15036       1       org.springframework.core.ResolvableType$SyntheticParameterizedType::getActualTypeArguments (5 bytes)
Event: 4996.752 Thread 0x000001fbfda86800 nmethod 15036 0x000001fb81d1e0d0 code [0x000001fb81d1e220, 0x000001fb81d1e338]
Event: 5124.825 Thread 0x000001fbfda86800 15037       1       com.zaxxer.hikari.pool.HikariPool::getIdleConnections (9 bytes)
Event: 5124.825 Thread 0x000001fbfda86800 nmethod 15037 0x000001fb81d1e390 code [0x000001fb81d1e4e0, 0x000001fb81d1e630]
Event: 5179.757 Thread 0x000001fbfda86800 15038       1       org.apache.tomcat.util.collections.ManagedConcurrentWeakHashMap::maintain (44 bytes)
Event: 5179.757 Thread 0x000001fbfda86800 nmethod 15038 0x000001fb81d1e6d0 code [0x000001fb81d1e860, 0x000001fb81d1ec40]
Event: 5179.757 Thread 0x000001fbfda86800 15039       1       org.apache.catalina.core.StandardWrapper::backgroundProcess (38 bytes)
Event: 5179.758 Thread 0x000001fbfda86800 nmethod 15039 0x000001fb81d1ee50 code [0x000001fb81d1efc0, 0x000001fb81d1f200]

GC Heap History (10 events):
Event: 5007.835 GC heap before
{Heap before GC invocations=77 (full 7):
 PSYoungGen      total 347136K, used 323565K [0x00000000d5d80000, 0x00000000ef500000, 0x0000000100000000)
  eden space 295424K, 100% used [0x00000000d5d80000,0x00000000e7e00000,0x00000000e7e00000)
  from space 51712K, 54% used [0x00000000e7e00000,0x00000000e997b620,0x00000000eb080000)
  to   space 49664K, 0% used [0x00000000ec480000,0x00000000ec480000,0x00000000ef500000)
 ParOldGen       total 120832K, used 67233K [0x0000000081800000, 0x0000000088e00000, 0x00000000d5d80000)
  object space 120832K, 55% used [0x0000000081800000,0x00000000859a84e0,0x0000000088e00000)
 Metaspace       used 126783K, capacity 131256K, committed 131800K, reserved 1167360K
  class space    used 13929K, capacity 14787K, committed 14848K, reserved 1048576K
Event: 5007.884 GC heap after
Heap after GC invocations=77 (full 7):
 PSYoungGen      total 363520K, used 34733K [0x00000000d5d80000, 0x00000000ef300000, 0x0000000100000000)
  eden space 315904K, 0% used [0x00000000d5d80000,0x00000000d5d80000,0x00000000e9200000)
  from space 47616K, 72% used [0x00000000ec480000,0x00000000ee66b608,0x00000000ef300000)
  to   space 49664K, 0% used [0x00000000e9200000,0x00000000e9200000,0x00000000ec280000)
 ParOldGen       total 120832K, used 67241K [0x0000000081800000, 0x0000000088e00000, 0x00000000d5d80000)
  object space 120832K, 55% used [0x0000000081800000,0x00000000859aa4e0,0x0000000088e00000)
 Metaspace       used 126783K, capacity 131256K, committed 131800K, reserved 1167360K
  class space    used 13929K, capacity 14787K, committed 14848K, reserved 1048576K
}
Event: 5147.907 GC heap before
{Heap before GC invocations=78 (full 7):
 PSYoungGen      total 363520K, used 350637K [0x00000000d5d80000, 0x00000000ef300000, 0x0000000100000000)
  eden space 315904K, 100% used [0x00000000d5d80000,0x00000000e9200000,0x00000000e9200000)
  from space 47616K, 72% used [0x00000000ec480000,0x00000000ee66b608,0x00000000ef300000)
  to   space 49664K, 0% used [0x00000000e9200000,0x00000000e9200000,0x00000000ec280000)
 ParOldGen       total 120832K, used 67241K [0x0000000081800000, 0x0000000088e00000, 0x00000000d5d80000)
  object space 120832K, 55% used [0x0000000081800000,0x00000000859aa4e0,0x0000000088e00000)
 Metaspace       used 126783K, capacity 131256K, committed 131800K, reserved 1167360K
  class space    used 13929K, capacity 14787K, committed 14848K, reserved 1048576K
Event: 5147.940 GC heap after
Heap after GC invocations=78 (full 7):
 PSYoungGen      total 365568K, used 34269K [0x00000000d5d80000, 0x00000000f0500000, 0x0000000100000000)
  eden space 315904K, 0% used [0x00000000d5d80000,0x00000000d5d80000,0x00000000e9200000)
  from space 49664K, 69% used [0x00000000e9200000,0x00000000eb377620,0x00000000ec280000)
  to   space 49664K, 0% used [0x00000000ed480000,0x00000000ed480000,0x00000000f0500000)
 ParOldGen       total 120832K, used 67249K [0x0000000081800000, 0x0000000088e00000, 0x00000000d5d80000)
  object space 120832K, 55% used [0x0000000081800000,0x00000000859ac4e0,0x0000000088e00000)
 Metaspace       used 126783K, capacity 131256K, committed 131800K, reserved 1167360K
  class space    used 13929K, capacity 14787K, committed 14848K, reserved 1048576K
}
Event: 5287.945 GC heap before
{Heap before GC invocations=79 (full 7):
 PSYoungGen      total 365568K, used 350173K [0x00000000d5d80000, 0x00000000f0500000, 0x0000000100000000)
  eden space 315904K, 100% used [0x00000000d5d80000,0x00000000e9200000,0x00000000e9200000)
  from space 49664K, 69% used [0x00000000e9200000,0x00000000eb377620,0x00000000ec280000)
  to   space 49664K, 0% used [0x00000000ed480000,0x00000000ed480000,0x00000000f0500000)
 ParOldGen       total 120832K, used 67249K [0x0000000081800000, 0x0000000088e00000, 0x00000000d5d80000)
  object space 120832K, 55% used [0x0000000081800000,0x00000000859ac4e0,0x0000000088e00000)
 Metaspace       used 126785K, capacity 131256K, committed 131800K, reserved 1167360K
  class space    used 13929K, capacity 14787K, committed 14848K, reserved 1048576K
Event: 5288.001 GC heap after
Heap after GC invocations=79 (full 7):
 PSYoungGen      total 337920K, used 34525K [0x00000000d5d80000, 0x00000000ef680000, 0x0000000100000000)
  eden space 303104K, 0% used [0x00000000d5d80000,0x00000000d5d80000,0x00000000e8580000)
  from space 34816K, 99% used [0x00000000ed480000,0x00000000ef637640,0x00000000ef680000)
  to   space 49152K, 0% used [0x00000000e9680000,0x00000000e9680000,0x00000000ec680000)
 ParOldGen       total 120832K, used 67249K [0x0000000081800000, 0x0000000088e00000, 0x00000000d5d80000)
  object space 120832K, 55% used [0x0000000081800000,0x00000000859ac4e0,0x0000000088e00000)
 Metaspace       used 126785K, capacity 131256K, committed 131800K, reserved 1167360K
  class space    used 13929K, capacity 14787K, committed 14848K, reserved 1048576K
}
Event: 5422.863 GC heap before
{Heap before GC invocations=80 (full 7):
 PSYoungGen      total 337920K, used 337629K [0x00000000d5d80000, 0x00000000ef680000, 0x0000000100000000)
  eden space 303104K, 100% used [0x00000000d5d80000,0x00000000e8580000,0x00000000e8580000)
  from space 34816K, 99% used [0x00000000ed480000,0x00000000ef637640,0x00000000ef680000)
  to   space 49152K, 0% used [0x00000000e9680000,0x00000000e9680000,0x00000000ec680000)
 ParOldGen       total 120832K, used 67249K [0x0000000081800000, 0x0000000088e00000, 0x00000000d5d80000)
  object space 120832K, 55% used [0x0000000081800000,0x00000000859ac4e0,0x0000000088e00000)
 Metaspace       used 126785K, capacity 131256K, committed 131800K, reserved 1167360K
  class space    used 13929K, capacity 14787K, committed 14848K, reserved 1048576K
Event: 5422.889 GC heap after
Heap after GC invocations=80 (full 7):
 PSYoungGen      total 326144K, used 34413K [0x00000000d5d80000, 0x00000000eda00000, 0x0000000100000000)
  eden space 291328K, 0% used [0x00000000d5d80000,0x00000000d5d80000,0x00000000e7a00000)
  from space 34816K, 98% used [0x00000000e9680000,0x00000000eb81b610,0x00000000eb880000)
  to   space 34304K, 0% used [0x00000000eb880000,0x00000000eb880000,0x00000000eda00000)
 ParOldGen       total 120832K, used 67249K [0x0000000081800000, 0x0000000088e00000, 0x00000000d5d80000)
  object space 120832K, 55% used [0x0000000081800000,0x00000000859ac4e0,0x0000000088e00000)
 Metaspace       used 126785K, capacity 131256K, committed 131800K, reserved 1167360K
  class space    used 13929K, capacity 14787K, committed 14848K, reserved 1048576K
}
Event: 5554.184 GC heap before
{Heap before GC invocations=81 (full 7):
 PSYoungGen      total 326144K, used 325741K [0x00000000d5d80000, 0x00000000eda00000, 0x0000000100000000)
  eden space 291328K, 100% used [0x00000000d5d80000,0x00000000e7a00000,0x00000000e7a00000)
  from space 34816K, 98% used [0x00000000e9680000,0x00000000eb81b610,0x00000000eb880000)
  to   space 34304K, 0% used [0x00000000eb880000,0x00000000eb880000,0x00000000eda00000)
 ParOldGen       total 120832K, used 67249K [0x0000000081800000, 0x0000000088e00000, 0x00000000d5d80000)
  object space 120832K, 55% used [0x0000000081800000,0x00000000859ac4e0,0x0000000088e00000)
 Metaspace       used 126785K, capacity 131256K, committed 131800K, reserved 1167360K
  class space    used 13929K, capacity 14787K, committed 14848K, reserved 1048576K
Event: 5554.225 GC heap after
Heap after GC invocations=81 (full 7):
 PSYoungGen      total 314368K, used 34029K [0x00000000d5d80000, 0x00000000eda00000, 0x0000000100000000)
  eden space 280064K, 0% used [0x00000000d5d80000,0x00000000d5d80000,0x00000000e6f00000)
  from space 34304K, 99% used [0x00000000eb880000,0x00000000ed9bb610,0x00000000eda00000)
  to   space 48640K, 0% used [0x00000000e7b00000,0x00000000e7b00000,0x00000000eaa80000)
 ParOldGen       total 120832K, used 67249K [0x0000000081800000, 0x0000000088e00000, 0x00000000d5d80000)
  object space 120832K, 55% used [0x0000000081800000,0x00000000859ac4e0,0x0000000088e00000)
 Metaspace       used 126785K, capacity 131256K, committed 131800K, reserved 1167360K
  class space    used 13929K, capacity 14787K, committed 14848K, reserved 1048576K
}

Deoptimization events (0 events):
No events

Classes redefined (10 events):
Event: 3977.473 Thread 0x000001fbfd99e000 redefined class name=com.asl.controller.ProductionBatchController, count=2
Event: 3977.545 Thread 0x000001fbfd99e000 redefined class name=com.asl.controller.ProductionBatchController, count=3
Event: 4928.748 Thread 0x000001fbfd99e000 redefined class name=com.asl.controller.ProductionBatchController, count=4
Event: 4928.967 Thread 0x000001fbfd99e000 redefined class name=com.asl.controller.ProductionBatchController, count=2
Event: 4929.136 Thread 0x000001fbfd99e000 redefined class name=com.asl.controller.ProductionBatchController, count=1
Event: 4929.232 Thread 0x000001fbfd99e000 redefined class name=com.asl.controller.ProductionBatchController, count=3
Event: 5622.808 Thread 0x000001fbfd99e000 redefined class name=com.asl.controller.ProductionBatchController, count=5
Event: 5622.886 Thread 0x000001fbfd99e000 redefined class name=com.asl.controller.ProductionBatchController, count=3
Event: 5622.963 Thread 0x000001fbfd99e000 redefined class name=com.asl.controller.ProductionBatchController, count=2
Event: 5623.129 Thread 0x000001fbfd99e000 redefined class name=com.asl.controller.ProductionBatchController, count=1

Internal exceptions (10 events):
Event: 4996.407 Thread 0x000001fb97b99000 Exception <a 'java/lang/ArrayIndexOutOfBoundsException'> (0x00000000e2d30590) thrown at [C:\jenkins\workspace\8-2-build-windows-amd64-cygwin\jdk8u261\295\hotspot\src\share\vm\runtime\sharedRuntime.cpp, line 605]
Event: 4996.415 Thread 0x000001fb97b99000 Exception <a 'java/lang/ArrayIndexOutOfBoundsException'> (0x00000000e2ded2d0) thrown at [C:\jenkins\workspace\8-2-build-windows-amd64-cygwin\jdk8u261\295\hotspot\src\share\vm\runtime\sharedRuntime.cpp, line 605]
Event: 4996.447 Thread 0x000001fb97b99000 Exception <a 'java/lang/ArrayIndexOutOfBoundsException'> (0x00000000e30b9d80) thrown at [C:\jenkins\workspace\8-2-build-windows-amd64-cygwin\jdk8u261\295\hotspot\src\share\vm\runtime\sharedRuntime.cpp, line 605]
Event: 4996.452 Thread 0x000001fb97b99000 Exception <a 'java/lang/ArrayIndexOutOfBoundsException'> (0x00000000e311f0c0) thrown at [C:\jenkins\workspace\8-2-build-windows-amd64-cygwin\jdk8u261\295\hotspot\src\share\vm\runtime\sharedRuntime.cpp, line 605]
Event: 4996.452 Thread 0x000001fb97b99000 Exception <a 'java/lang/ArrayIndexOutOfBoundsException'> (0x00000000e31243e8) thrown at [C:\jenkins\workspace\8-2-build-windows-amd64-cygwin\jdk8u261\295\hotspot\src\share\vm\runtime\sharedRuntime.cpp, line 605]
Event: 4996.452 Thread 0x000001fb97b99000 Exception <a 'java/lang/ArrayIndexOutOfBoundsException'> (0x00000000e312c7a0) thrown at [C:\jenkins\workspace\8-2-build-windows-amd64-cygwin\jdk8u261\295\hotspot\src\share\vm\runtime\sharedRuntime.cpp, line 605]
Event: 4996.452 Thread 0x000001fb97b99000 Exception <a 'java/lang/ArrayIndexOutOfBoundsException'> (0x00000000e3131968) thrown at [C:\jenkins\workspace\8-2-build-windows-amd64-cygwin\jdk8u261\295\hotspot\src\share\vm\runtime\sharedRuntime.cpp, line 605]
Event: 4996.452 Thread 0x000001fb97b99000 Exception <a 'java/lang/ArrayIndexOutOfBoundsException'> (0x00000000e3141d48) thrown at [C:\jenkins\workspace\8-2-build-windows-amd64-cygwin\jdk8u261\295\hotspot\src\share\vm\runtime\sharedRuntime.cpp, line 605]
Event: 4996.454 Thread 0x000001fb97b99000 Exception <a 'java/lang/ArrayIndexOutOfBoundsException'> (0x00000000e3167990) thrown at [C:\jenkins\workspace\8-2-build-windows-amd64-cygwin\jdk8u261\295\hotspot\src\share\vm\runtime\sharedRuntime.cpp, line 605]
Event: 4996.654 Thread 0x000001fb97b99000 Exception <a 'java/lang/ArrayIndexOutOfBoundsException'> (0x00000000e48bd328) thrown at [C:\jenkins\workspace\8-2-build-windows-amd64-cygwin\jdk8u261\295\hotspot\src\share\vm\runtime\sharedRuntime.cpp, line 605]

Events (10 events):
Event: 5111.844 Executing VM operation: RevokeBias done
Event: 5147.906 Executing VM operation: ParallelGCFailedAllocation
Event: 5147.940 Executing VM operation: ParallelGCFailedAllocation done
Event: 5287.945 Executing VM operation: ParallelGCFailedAllocation
Event: 5288.001 Executing VM operation: ParallelGCFailedAllocation done
Event: 5422.863 Executing VM operation: ParallelGCFailedAllocation
Event: 5422.889 Executing VM operation: ParallelGCFailedAllocation done
Event: 5554.183 Executing VM operation: ParallelGCFailedAllocation
Event: 5554.225 Executing VM operation: ParallelGCFailedAllocation done
Event: 5622.704 Executing VM operation: RedefineClasses


Dynamic libraries:
0x00007ff6b95d0000 - 0x00007ff6b9617000 	C:\Program Files\Java\jdk1.8.0_261\bin\javaw.exe
0x00007ff969ab0000 - 0x00007ff969ca5000 	C:\Windows\SYSTEM32\ntdll.dll
0x00007ff967c90000 - 0x00007ff967d4e000 	C:\Windows\System32\KERNEL32.DLL
0x00007ff967450000 - 0x00007ff967718000 	C:\Windows\System32\KERNELBASE.dll
0x00007ff968ab0000 - 0x00007ff968b5e000 	C:\Windows\System32\ADVAPI32.dll
0x00007ff967bf0000 - 0x00007ff967c8e000 	C:\Windows\System32\msvcrt.dll
0x00007ff9689a0000 - 0x00007ff968a3c000 	C:\Windows\System32\sechost.dll
0x00007ff967ac0000 - 0x00007ff967be5000 	C:\Windows\System32\RPCRT4.dll
0x00007ff9693f0000 - 0x00007ff969591000 	C:\Windows\System32\USER32.dll
0x00007ff967880000 - 0x00007ff9678a2000 	C:\Windows\System32\win32u.dll
0x00007ff968c10000 - 0x00007ff968c3b000 	C:\Windows\System32\GDI32.dll
0x00007ff9679b0000 - 0x00007ff967abd000 	C:\Windows\System32\gdi32full.dll
0x00007ff967190000 - 0x00007ff96722d000 	C:\Windows\System32\msvcp_win.dll
0x00007ff9678b0000 - 0x00007ff9679b0000 	C:\Windows\System32\ucrtbase.dll
0x00007ff94f9c0000 - 0x00007ff94fc5a000 	C:\Windows\WinSxS\amd64_microsoft.windows.common-controls_6595b64144ccf1df_6.0.19041.1110_none_60b5254171f9507e\COMCTL32.dll
0x00007ff968610000 - 0x00007ff968640000 	C:\Windows\System32\IMM32.DLL
0x00007ff95e720000 - 0x00007ff95e735000 	C:\Program Files\Java\jdk1.8.0_261\jre\bin\vcruntime140.dll
0x00007ff90ccd0000 - 0x00007ff90cd6b000 	C:\Program Files\Java\jdk1.8.0_261\jre\bin\msvcp140.dll
0x000000005ab20000 - 0x000000005b38c000 	C:\Program Files\Java\jdk1.8.0_261\jre\bin\server\jvm.dll
0x00007ff967e40000 - 0x00007ff967e48000 	C:\Windows\System32\PSAPI.DLL
0x00007ff956c70000 - 0x00007ff956c79000 	C:\Windows\SYSTEM32\WSOCK32.dll
0x00007ff950400000 - 0x00007ff950427000 	C:\Windows\SYSTEM32\WINMM.dll
0x00007ff968120000 - 0x00007ff96818b000 	C:\Windows\System32\WS2_32.dll
0x00007ff961d80000 - 0x00007ff961d8a000 	C:\Windows\SYSTEM32\VERSION.dll
0x00007ff965a20000 - 0x00007ff965a32000 	C:\Windows\SYSTEM32\kernel.appcore.dll
0x00007ff941fa0000 - 0x00007ff941fb0000 	C:\Program Files\Java\jdk1.8.0_261\jre\bin\verify.dll
0x00007ff92dc00000 - 0x00007ff92dc2b000 	C:\Program Files\Java\jdk1.8.0_261\jre\bin\java.dll
0x00007ff91d180000 - 0x00007ff91d1b6000 	C:\Program Files\Java\jdk1.8.0_261\jre\bin\jdwp.dll
0x00007ff940150000 - 0x00007ff940159000 	C:\Program Files\Java\jdk1.8.0_261\jre\bin\npt.dll
0x00007ff93ffc0000 - 0x00007ff93ffd8000 	C:\Program Files\Java\jdk1.8.0_261\jre\bin\zip.dll
0x00007ff968ca0000 - 0x00007ff9693e4000 	C:\Windows\System32\SHELL32.dll
0x00007ff965010000 - 0x00007ff9657a5000 	C:\Windows\SYSTEM32\windows.storage.dll
0x00007ff968640000 - 0x00007ff968995000 	C:\Windows\System32\combase.dll
0x00007ff966b00000 - 0x00007ff966b2e000 	C:\Windows\SYSTEM32\Wldp.dll
0x00007ff969990000 - 0x00007ff969a3d000 	C:\Windows\System32\SHCORE.dll
0x00007ff969930000 - 0x00007ff969985000 	C:\Windows\System32\shlwapi.dll
0x00007ff9670d0000 - 0x00007ff9670ef000 	C:\Windows\SYSTEM32\profapi.dll
0x00007ff93f5f0000 - 0x00007ff93f5fa000 	C:\Program Files\Java\jdk1.8.0_261\jre\bin\dt_socket.dll
0x00007ff948dc0000 - 0x00007ff948dd7000 	C:\Windows\system32\napinsp.dll
0x00007ff948da0000 - 0x00007ff948dbb000 	C:\Windows\system32\pnrpnsp.dll
0x00007ff943150000 - 0x00007ff943165000 	C:\Windows\system32\wshbth.dll
0x00007ff961850000 - 0x00007ff96186d000 	C:\Windows\system32\NLAapi.dll
0x00007ff9665a0000 - 0x00007ff9665db000 	C:\Windows\SYSTEM32\IPHLPAPI.DLL
0x00007ff9668e0000 - 0x00007ff96694a000 	C:\Windows\System32\mswsock.dll
0x00007ff9665e0000 - 0x00007ff9666ab000 	C:\Windows\SYSTEM32\DNSAPI.dll
0x00007ff9698c0000 - 0x00007ff9698c8000 	C:\Windows\System32\NSI.dll
0x00007ff942e10000 - 0x00007ff942e22000 	C:\Windows\System32\winrnr.dll
0x00007ff95d390000 - 0x00007ff95d40f000 	C:\Windows\System32\fwpuclnt.dll
0x00007ff967280000 - 0x00007ff9672a7000 	C:\Windows\System32\bcrypt.dll
0x00007ff95c5e0000 - 0x00007ff95c5ea000 	C:\Windows\System32\rasadhlp.dll
0x00007ff93ef90000 - 0x00007ff93ef9d000 	C:\Program Files\Java\jdk1.8.0_261\jre\bin\management.dll
0x00007ff91d160000 - 0x00007ff91d17c000 	C:\Program Files\Java\jdk1.8.0_261\jre\bin\net.dll
0x00007ff91d140000 - 0x00007ff91d153000 	C:\Program Files\Java\jdk1.8.0_261\jre\bin\nio.dll
0x00007ff966b40000 - 0x00007ff966b58000 	C:\Windows\SYSTEM32\CRYPTSP.dll
0x00007ff966210000 - 0x00007ff966244000 	C:\Windows\system32\rsaenh.dll
0x00007ff967050000 - 0x00007ff96707e000 	C:\Windows\SYSTEM32\USERENV.dll
0x00007ff9673c0000 - 0x00007ff967442000 	C:\Windows\System32\bcryptprimitives.dll
0x00007ff966a70000 - 0x00007ff966a7c000 	C:\Windows\SYSTEM32\CRYPTBASE.dll
0x00007ff95f270000 - 0x00007ff95f287000 	C:\Windows\SYSTEM32\dhcpcsvc6.DLL
0x00007ff960300000 - 0x00007ff96031d000 	C:\Windows\SYSTEM32\dhcpcsvc.DLL
0x00007ff95b420000 - 0x00007ff95b444000 	C:\Program Files\Java\jdk1.8.0_261\jre\bin\sunec.dll
0x00007ff9657c0000 - 0x00007ff9659a4000 	C:\Windows\SYSTEM32\dbghelp.dll

VM Arguments:
jvm_args: -agentlib:jdwp=transport=dt_socket,suspend=y,address=localhost:62216 -Dcom.sun.management.jmxremote -Dcom.sun.management.jmxremote.port=62214 -Dcom.sun.management.jmxremote.authenticate=false -Dcom.sun.management.jmxremote.ssl=false -Djava.rmi.server.hostname=localhost -Dspring.jmx.enabled=true -Dspring.liveBeansView.mbeanDomain -Dspring.application.admin.enabled=true -Xverify:none -XX:TieredStopAtLevel=1 -Dspring.boot.project.name=asl-erp -Dfile.encoding=UTF-8 
java_command: com.asl.AslErpApplication --spring.output.ansi.enabled=always
java_class_path (initial): D:\ASL-1\asl-erp\target\classes;C:\Users\zubayer\.m2\repository\org\springframework\boot\spring-boot-starter-data-jpa\2.4.2\spring-boot-starter-data-jpa-2.4.2.jar;C:\Users\zubayer\.m2\repository\org\springframework\boot\spring-boot-starter-aop\2.4.2\spring-boot-starter-aop-2.4.2.jar;C:\Users\zubayer\.m2\repository\org\aspectj\aspectjweaver\1.9.6\aspectjweaver-1.9.6.jar;C:\Users\zubayer\.m2\repository\jakarta\transaction\jakarta.transaction-api\1.3.3\jakarta.transaction-api-1.3.3.jar;C:\Users\zubayer\.m2\repository\jakarta\persistence\jakarta.persistence-api\2.2.3\jakarta.persistence-api-2.2.3.jar;C:\Users\zubayer\.m2\repository\org\hibernate\hibernate-core\5.4.27.Final\hibernate-core-5.4.27.Final.jar;C:\Users\zubayer\.m2\repository\org\jboss\logging\jboss-logging\3.4.1.Final\jboss-logging-3.4.1.Final.jar;C:\Users\zubayer\.m2\repository\org\javassist\javassist\3.27.0-GA\javassist-3.27.0-GA.jar;C:\Users\zubayer\.m2\repository\net\bytebuddy\byte-buddy\1.10.19\byte-buddy-1.10.19.jar;C:\Users\zubayer\.m2\repository\antlr\antlr\2.7.7\antlr-2.7.7.jar;C:\Users\zubayer\.m2\repository\org\jboss\jandex\2.1.3.Final\jandex-2.1.3.Final.jar;C:\Users\zubayer\.m2\repository\com\fasterxml\classmate\1.5.1\classmate-1.5.1.jar;C:\Users\zubayer\.m2\repository\org\dom4j\dom4j\2.1.3\dom4j-2.1.3.jar;C:\Users\zubayer\.m2\repository\org\hibernate\common\hibernate-commons-annotations\5.1.2.Final\hibernate-commons-annotations-5.1.2.Final.jar;C:\Users\zubayer\.m2\repository\org\glassfish\jaxb\jaxb-runtime\2.3.3\jaxb-runtime-2.3.3.jar;C:\Users\zubayer\.m2\repository\org\glassfish\jaxb\txw2\2.3.3\txw2-2.3.3.jar;C:\Users\zubayer\.m2\repository\com\sun\istack\istack-commons-runtime\3.0.11\istack-commons-runtime-3.0.11.jar;C:\Users\zubayer\.m2\repository\com\sun\activation\jakarta.activation\1.2.2\jakarta.activation-1.2.2.jar;C:\Users\zubayer\.m2\repository\org\springframework\data\spring-data-jpa\2.4.3\spring-data-jpa-2.4.3.jar;C:\Users\zubayer\.m2\repository\org\springf
Launcher Type: SUN_STANDARD

Environment Variables:
JAVA_HOME=C:\Program Files\Java\jdk1.8.0_261
PATH=C:\Program Files\Java\jdk1.8.0_261\jre\bin;C:\Program Files\Common Files\Oracle\Java\javapath;D:\Software\WINDOWS.X64_193000_client_home\bin;C:\Python39\Scripts\;C:\Python39\;C:\Windows\system32;C:\Windows;C:\Windows\System32\Wbem;C:\Windows\System32\WindowsPowerShell\v1.0\;C:\Windows\System32\OpenSSH\;C:\Program Files\Java\jdk1.8.0_261\bin;C:\ProgramData\chocolatey\bin;D:\apache-maven-3.6.3\bin;C:\Program Files\TortoiseSVN\bin;C:\Program Files (x86)\NVIDIA Corporation\PhysX\Common;C:\Program Files\NVIDIA Corporation\NVIDIA NvDLISR;%GROOVY_HOME%\bin;%GRAILS_HOME%\bin;%FLUTTER_HOME%\bin;C:\Program Files\nodejs\;C:\Program Files (x86)\Microsoft SQL Server\110\Tools\Binn\;C:\Program Files\Microsoft SQL Server\110\Tools\Binn\;C:\Program Files\Microsoft SQL Server\110\DTS\Binn\;C:\Program Files (x86)\Microsoft SQL Server\110\Tools\Binn\ManagementStudio\;C:\Program Files (x86)\Microsoft SQL Server\110\DTS\Binn\;C:\Program Files\PuTTY\;%JAVA_HOME%\bin;C:\Program Files (x86)\Intel\Intel(R) Management Engine Components\DAL;C:\Program Files\Intel\Intel(R) Management Engine Components\DAL;C:\Program Files\Git\cmd;C:\Program Files\MySQL\MySQL Shell 8.0\bin\;C:\Users\zubayer\AppData\Local\Microsoft\WindowsApps;C:\Users\zubayer\AppData\Local\Programs\Microsoft VS Code\bin;C:\Program Files\JetBrains\IntelliJ IDEA Educational Edition 2020.2.2\bin;;C:\Program Files\JetBrains\IntelliJ IDEA 2020.2.3\bin;;D:\Flutter\flutter\bin;C:\Users\zubayer\AppData\Roaming\npm;C:\Users\zubayer\AppData\Local\GitHubDesktop\bin
USERNAME=zubayer
OS=Windows_NT
PROCESSOR_IDENTIFIER=Intel64 Family 6 Model 142 Stepping 9, GenuineIntel



---------------  S Y S T E M  ---------------

OS: Windows 10.0 , 64 bit Build 19041 (10.0.19041.1466)

CPU:total 4 (initial active 4) (2 cores per cpu, 2 threads per core) family 6 model 142 stepping 9, cmov, cx8, fxsr, mmx, sse, sse2, sse3, ssse3, sse4.1, sse4.2, popcnt, avx, avx2, aes, clmul, erms, 3dnowpref, lzcnt, ht, tsc, tscinvbit, bmi1, bmi2, adx

Memory: 4k page, physical 8289276k(1028580k free), swap 16755872k(5659488k free)

vm_info: Java HotSpot(TM) 64-Bit Server VM (25.261-b12) for windows-amd64 JRE (1.8.0_261-b12), built on Jun 18 2020 06:56:32 by "" with unknown MS VC++:1916

time: Wed Feb  2 11:27:30 2022
timezone: Bangladesh Standard Time
elapsed time: 5623 seconds (0d 1h 33m 43s)

